Determining if the pthread_create exist failed with the following output:
Change Dir: /home/seldat/seldat_robot/build/CMakeFiles/CMakeTmp

Run Build Command:/usr/bin/make "cmTryCompileExec2787750564/fast"
/usr/bin/make -f CMakeFiles/cmTryCompileExec2787750564.dir/build.make CMakeFiles/cmTryCompileExec2787750564.dir/build
make[1]: Entering directory `/home/seldat/seldat_robot/build/CMakeFiles/CMakeTmp'
/usr/bin/cmake -E cmake_progress_report /home/seldat/seldat_robot/build/CMakeFiles/CMakeTmp/CMakeFiles 1
Building C object CMakeFiles/cmTryCompileExec2787750564.dir/CheckSymbolExists.c.o
/usr/bin/cc    -o CMakeFiles/cmTryCompileExec2787750564.dir/CheckSymbolExists.c.o   -c /home/seldat/seldat_robot/build/CMakeFiles/CMakeTmp/CheckSymbolExists.c
Linking C executable cmTryCompileExec2787750564
/usr/bin/cmake -E cmake_link_script CMakeFiles/cmTryCompileExec2787750564.dir/link.txt --verbose=1
/usr/bin/cc       CMakeFiles/cmTryCompileExec2787750564.dir/CheckSymbolExists.c.o  -o cmTryCompileExec2787750564 -rdynamic 
CMakeFiles/cmTryCompileExec2787750564.dir/CheckSymbolExists.c.o: In function `main':
CheckSymbolExists.c:(.text+0x16): undefined reference to `pthread_create'
collect2: error: ld returned 1 exit status
make[1]: *** [cmTryCompileExec2787750564] Error 1
make[1]: Leaving directory `/home/seldat/seldat_robot/build/CMakeFiles/CMakeTmp'
make: *** [cmTryCompileExec2787750564/fast] Error 2

File /home/seldat/seldat_robot/build/CMakeFiles/CMakeTmp/CheckSymbolExists.c:
/* */
#include <pthread.h>

int main(int argc, char** argv)
{
  (void)argv;
#ifndef pthread_create
  return ((int*)(&pthread_create))[argc];
#else
  (void)argc;
  return 0;
#endif
}

Determining if the function pthread_create exists in the pthreads failed with the following output:
Change Dir: /home/seldat/seldat_robot/build/CMakeFiles/CMakeTmp

Run Build Command:/usr/bin/make "cmTryCompileExec3121847692/fast"
/usr/bin/make -f CMakeFiles/cmTryCompileExec3121847692.dir/build.make CMakeFiles/cmTryCompileExec3121847692.dir/build
make[1]: Entering directory `/home/seldat/seldat_robot/build/CMakeFiles/CMakeTmp'
/usr/bin/cmake -E cmake_progress_report /home/seldat/seldat_robot/build/CMakeFiles/CMakeTmp/CMakeFiles 1
Building C object CMakeFiles/cmTryCompileExec3121847692.dir/CheckFunctionExists.c.o
/usr/bin/cc   -DCHECK_FUNCTION_EXISTS=pthread_create   -o CMakeFiles/cmTryCompileExec3121847692.dir/CheckFunctionExists.c.o   -c /usr/share/cmake-2.8/Modules/CheckFunctionExists.c
Linking C executable cmTryCompileExec3121847692
/usr/bin/cmake -E cmake_link_script CMakeFiles/cmTryCompileExec3121847692.dir/link.txt --verbose=1
/usr/bin/cc   -DCHECK_FUNCTION_EXISTS=pthread_create    CMakeFiles/cmTryCompileExec3121847692.dir/CheckFunctionExists.c.o  -o cmTryCompileExec3121847692 -rdynamic -lpthreads 
/usr/bin/ld: cannot find -lpthreads
collect2: error: ld returned 1 exit status
make[1]: *** [cmTryCompileExec3121847692] Error 1
make[1]: Leaving directory `/home/seldat/seldat_robot/build/CMakeFiles/CMakeTmp'
make: *** [cmTryCompileExec3121847692/fast] Error 2


